    1  touch Dockerfile.python
    2  docker build -t plant2-image -f Dockerfile.python ../
    3  mkdir -p Ex5_2_pictures
    4  docker volume create Ex5_2_pictures
    5  docker run -v Ex5_2_pictures:/app plant2-image --plant "Sunflower" --height 50 55 60 65 70 --leaf_count 35 40 45 50 55 --dry_weight 2.0 2.0 2.1 2.1 3.0
    6  docker run --rm -v Ex5_2_pictures:/app busybox ls /app
    7  docker run --rm -v Ex5_2_pictures:/app -v $(pwd)/Ex5_2_pictures:/host busybox sh -c "cp /app/*.png /host/"
    8  history > command_history_5_2.log
    9  cd ../../
   10  git add . 
   11  git commit -m "ex5.2"
   12  git push BR_Q5
   13  git push origin BR_Q5
   14  clear
   15  cd Work/Q5
   16  clear
   17  docker run -v Ex5_2_pictures:/app plant2-image --plant "Sunflower" --height 50 55 60 65 70 --leaf_count 35 40 45 50 55 --dry_weight 2.0 2.0 2.1 2.1 3.0
   18  docker run --rm -v Ex5_2_pictures:/app busybox ls /app
   19  clear
   20  mkdir -p Ex5_2_pictures
   21  docker volume create Ex5_2_pictures
   22  clear
   23  docker run -v Ex5_2_pictures:/app plant2-image --plant "Sunflower" --height 50 55 60 65 70 --leaf_count 35 40 45 50 55 --dry_weight 2.0 2.0 2.1 2.1 3.0
   24  docker run --rm -v Ex5_2_pictures:/app busybox ls /app
   25  docker volume rm Ex5_2_pictures
   26  docker run -v Ex5_2_pictures:/app plant2-image --plant "Sunflower" --height 50 55 60 65 70 --leaf_count 35 40 45 50 55 --dry_weight 2.0 2.0 2.1 2.1 3.0
   27  docker run --rm -v Ex5_2_pictures:/app busybox ls /app
   28  docker run -v Ex5_2_pictures:/app plant2-image --plant "Sunflower2" --height 50 55 60 65 70 --leaf_count 35 40 45 50 55 --dry_weight 2.0 2.0 2.1 2.1 3.0
   29  docker run --rm -v Ex5_2_pictures:/app busybox ls /app
   30  docker volume rm Ex5_2_pictures
   31  clear
   32  docker volume create Ex5_2_pictures
   33  docker run -v Ex5_2_pictures:/app plant2-image --plant "Sunflower" --height 50 55 60 65 70 --leaf_count 35 40 45 50 55 --dry_weight 2.0 2.0 2.1 2.1 3.0
   34  docker run --rm -v Ex5_2_pictures:/app busybox ls /app
   35  docker run --rm -v Ex5_2_pictures:/app -v $(pwd)/Ex5_2_pictures:/host busybox sh -c "cp /app/*.png /host/"
   36  docker run --rm -v Ex5_2_pictures:/app busybox sh -c "rm -rf /app/*.png"
   37  docker run --rm -v Ex5_2_pictures:/app busybox ls /app
   38  clear
   39  docker volume create Ex5_2_pictures
   40  docker run -v Ex5_2_pictures:/app plant2-image --plant "Sunflower" --height 50 55 60 65 70 --leaf_count 35 40 45 50 55 --dry_weight 2.0 2.0 2.1 2.1 3.0
   41  docker run --rm -v Ex5_2_pictures:/app busybox ls /app
   42  docker run --rm -v Ex5_2_pictures:/app -v $(pwd)/Ex5_2_pictures:/host busybox sh -c "cp /app/*.png /host/"
   43  docker run --rm -v Ex5_2_pictures:/app busybox sh -c "rm -rf /app/*.png"
   44  history > command_history_5_2.log
